[2019-11-12 17:01:59.701] [exthost] [info] extension host started
[2019-11-12 17:01:59.897] [exthost] [info] ExtensionService#_doActivateExtension vscode.debug-auto-launch {"startup":true,"extensionId":{"value":"vscode.debug-auto-launch","_lower":"vscode.debug-auto-launch"},"activationEvent":"*"}
[2019-11-12 17:01:59.898] [exthost] [info] ExtensionService#loadCommonJSModule file:///root/.vscode-server/bin/86405ea23e3937316009fc27c9361deee66ffbf5/extensions/debug-auto-launch/dist/extension
[2019-11-12 17:01:59.904] [exthost] [info] ExtensionService#_doActivateExtension vscode.emmet {"startup":true,"extensionId":{"value":"vscode.emmet","_lower":"vscode.emmet"},"activationEvent":"*"}
[2019-11-12 17:01:59.904] [exthost] [info] ExtensionService#loadCommonJSModule file:///root/.vscode-server/bin/86405ea23e3937316009fc27c9361deee66ffbf5/extensions/emmet/dist/extension
[2019-11-12 17:01:59.929] [exthost] [info] ExtensionService#_doActivateExtension vscode.git {"startup":true,"extensionId":{"value":"vscode.git","_lower":"vscode.git"},"activationEvent":"*"}
[2019-11-12 17:01:59.930] [exthost] [info] ExtensionService#loadCommonJSModule file:///root/.vscode-server/bin/86405ea23e3937316009fc27c9361deee66ffbf5/extensions/git/dist/main
[2019-11-12 17:01:59.984] [exthost] [info] ExtensionService#_doActivateExtension vscode.merge-conflict {"startup":true,"extensionId":{"value":"vscode.merge-conflict","_lower":"vscode.merge-conflict"},"activationEvent":"*"}
[2019-11-12 17:01:59.984] [exthost] [info] ExtensionService#loadCommonJSModule file:///root/.vscode-server/bin/86405ea23e3937316009fc27c9361deee66ffbf5/extensions/merge-conflict/dist/extension
[2019-11-12 17:01:59.990] [exthost] [info] eager extensions activated
[2019-11-12 17:23:30.840] [exthost] [info] ExtensionService#_doActivateExtension vscode.typescript-language-features {"startup":false,"extensionId":{"value":"vscode.typescript-language-features","_lower":"vscode.typescript-language-features"},"activationEvent":"onLanguage:javascript"}
[2019-11-12 17:23:30.841] [exthost] [info] ExtensionService#loadCommonJSModule file:///root/.vscode-server/bin/86405ea23e3937316009fc27c9361deee66ffbf5/extensions/typescript-language-features/dist/extension
[2019-11-12 17:29:22.646] [exthost] [info] ExtensionService#_doActivateExtension vscode.html-language-features {"startup":false,"extensionId":{"value":"vscode.html-language-features","_lower":"vscode.html-language-features"},"activationEvent":"onLanguage:html"}
[2019-11-12 17:29:22.646] [exthost] [info] ExtensionService#loadCommonJSModule file:///root/.vscode-server/bin/86405ea23e3937316009fc27c9361deee66ffbf5/extensions/html-language-features/client/dist/htmlMain
[2019-11-12 17:51:05.900] [exthost] [info] ExtensionService#_doActivateExtension vscode.configuration-editing {"startup":false,"extensionId":{"value":"vscode.configuration-editing","_lower":"vscode.configuration-editing"},"activationEvent":"onLanguage:json"}
[2019-11-12 17:51:05.900] [exthost] [info] ExtensionService#loadCommonJSModule file:///root/.vscode-server/bin/86405ea23e3937316009fc27c9361deee66ffbf5/extensions/configuration-editing/dist/extension
[2019-11-12 17:51:05.901] [exthost] [info] ExtensionService#_doActivateExtension vscode.extension-editing {"startup":false,"extensionId":{"value":"vscode.extension-editing","_lower":"vscode.extension-editing"},"activationEvent":"onLanguage:json"}
[2019-11-12 17:51:05.901] [exthost] [info] ExtensionService#loadCommonJSModule file:///root/.vscode-server/bin/86405ea23e3937316009fc27c9361deee66ffbf5/extensions/extension-editing/dist/extension
[2019-11-12 17:51:05.901] [exthost] [info] ExtensionService#_doActivateExtension vscode.json-language-features {"startup":false,"extensionId":{"value":"vscode.json-language-features","_lower":"vscode.json-language-features"},"activationEvent":"onLanguage:json"}
[2019-11-12 17:51:05.901] [exthost] [info] ExtensionService#loadCommonJSModule file:///root/.vscode-server/bin/86405ea23e3937316009fc27c9361deee66ffbf5/extensions/json-language-features/client/dist/jsonMain
[2019-11-12 17:51:05.901] [exthost] [info] ExtensionService#_doActivateExtension vscode.npm {"startup":false,"extensionId":{"value":"vscode.npm","_lower":"vscode.npm"},"activationEvent":"onLanguage:json"}
[2019-11-12 17:51:05.901] [exthost] [info] ExtensionService#loadCommonJSModule file:///root/.vscode-server/bin/86405ea23e3937316009fc27c9361deee66ffbf5/extensions/npm/dist/main
[2019-11-12 18:36:39.946] [exthost] [info] ExtensionService#_doActivateExtension vscode.markdown-language-features {"startup":false,"extensionId":{"value":"vscode.markdown-language-features","_lower":"vscode.markdown-language-features"},"activationEvent":"onLanguage:markdown"}
[2019-11-12 18:36:39.946] [exthost] [info] ExtensionService#loadCommonJSModule file:///root/.vscode-server/bin/86405ea23e3937316009fc27c9361deee66ffbf5/extensions/markdown-language-features/dist/extension
[2019-11-12 19:58:09.074] [exthost] [info] ExtensionService#_doActivateExtension vscode.css-language-features {"startup":false,"extensionId":{"value":"vscode.css-language-features","_lower":"vscode.css-language-features"},"activationEvent":"onLanguage:css"}
[2019-11-12 19:58:09.075] [exthost] [info] ExtensionService#loadCommonJSModule file:///root/.vscode-server/bin/86405ea23e3937316009fc27c9361deee66ffbf5/extensions/css-language-features/client/dist/cssMain
