

*
* Visual Studio Code Server
*
* Reminder: You may only use this software with Visual Studio family products,
* as described in the license https://aka.ms/vscode-remote/license
*


IP Address: 10.41.2.170
Extension host agent listening on 40271


[19:54:04] Extension host agent started.
[19:54:05] [127.0.0.1][a7131043][ManagementConnection] New connection established.
[19:54:05] [127.0.0.1][29580580][ExtensionHostConnection] New connection established.
bash: cannot set terminal process group (-1): Inappropriate ioctl for device
bash: no job control in this shell
mesg: ttyname failed: Inappropriate ioctl for device
[19:54:05] [127.0.0.1][29580580][ExtensionHostConnection] <16735> Launched Extension Host Process.
[19:54:07] Installing extension: ms-ceintl.vscode-language-pack-ko
[19:54:07] Downloaded extension: ms-ceintl.vscode-language-pack-ko /tmp/e0fbd9c0-c627-4ba2-864f-e61dbcd0672b
[19:54:08] Extracted extension to /root/.vscode-server/extensions/.ms-ceintl.vscode-language-pack-ko-1.40.2: ms-ceintl.vscode-language-pack-ko
[19:54:08] Renamed to /root/.vscode-server/extensions/ms-ceintl.vscode-language-pack-ko-1.40.2
[19:54:08] Installation completed. ms-ceintl.vscode-language-pack-ko
[19:54:08] Extensions installed successfully: ms-ceintl.vscode-language-pack-ko
